<?xml version="1.0" encoding="UTF-8"?>
<!-- Generated by org.testng.reporters.JUnitReportReporter -->
<testsuite hostname="DESKTOP-5BKKI8L" failures="0" tests="1" name="com.allianz.test.PetRequestTest" time="6.051" errors="0" timestamp="2024-05-15T02:00:53 PDT" skipped="0">
  <testcase classname="com.allianz.test.PetRequestTest" name="findPetDetailsByValidStatus" time="6.051"/>
</testsuite> <!-- com.allianz.test.PetRequestTest -->
