<?xml version="1.0" encoding="UTF-8"?>
<!-- Generated by org.testng.reporters.JUnitReportReporter -->
<testsuite hostname="DESKTOP-5BKKI8L" failures="0" tests="1" name="com.allianz.test.PetRequestTest" time="3.238" errors="0" timestamp="2024-05-14T03:29:32 PDT" skipped="0">
  <testcase classname="com.allianz.test.PetRequestTest" name="findInvalidPetTest" time="3.238"/>
</testsuite> <!-- com.allianz.test.PetRequestTest -->
